{"total": {"lines":{"total":634,"covered":229,"skipped":0,"pct":36.11},"statements":{"total":695,"covered":245,"skipped":0,"pct":35.25},"functions":{"total":142,"covered":39,"skipped":0,"pct":27.46},"branches":{"total":216,"covered":26,"skipped":0,"pct":12.03},"branchesTrue":{"total":0,"covered":0,"skipped":0,"pct":100}}
,"D:\\Desktop\\slackai\\client\\src\\components\\ui\\aspect-ratio.tsx": {"lines":{"total":1,"covered":0,"skipped":0,"pct":0},"functions":{"total":0,"covered":0,"skipped":0,"pct":100},"statements":{"total":1,"covered":0,"skipped":0,"pct":0},"branches":{"total":0,"covered":0,"skipped":0,"pct":100}}
,"D:\\Desktop\\slackai\\client\\src\\components\\ui\\collapsible.tsx": {"lines":{"total":3,"covered":0,"skipped":0,"pct":0},"functions":{"total":0,"covered":0,"skipped":0,"pct":100},"statements":{"total":3,"covered":0,"skipped":0,"pct":0},"branches":{"total":0,"covered":0,"skipped":0,"pct":100}}
,"D:\\Desktop\\slackai\\client\\src\\hooks\\use-mobile.tsx": {"lines":{"total":10,"covered":0,"skipped":0,"pct":0},"functions":{"total":4,"covered":0,"skipped":0,"pct":0},"statements":{"total":11,"covered":0,"skipped":0,"pct":0},"branches":{"total":0,"covered":0,"skipped":0,"pct":100}}
,"D:\\Desktop\\slackai\\client\\src\\hooks\\use-toast.ts": {"lines":{"total":52,"covered":0,"skipped":0,"pct":0},"functions":{"total":18,"covered":0,"skipped":0,"pct":0},"statements":{"total":54,"covered":0,"skipped":0,"pct":0},"branches":{"total":16,"covered":0,"skipped":0,"pct":0}}
,"D:\\Desktop\\slackai\\client\\src\\hooks\\use-websocket.tsx": {"lines":{"total":38,"covered":0,"skipped":0,"pct":0},"functions":{"total":12,"covered":0,"skipped":0,"pct":0},"statements":{"total":39,"covered":0,"skipped":0,"pct":0},"branches":{"total":11,"covered":0,"skipped":0,"pct":0}}
,"D:\\Desktop\\slackai\\client\\src\\lib\\queryClient.ts": {"lines":{"total":20,"covered":0,"skipped":0,"pct":0},"functions":{"total":5,"covered":0,"skipped":0,"pct":0},"statements":{"total":21,"covered":0,"skipped":0,"pct":0},"branches":{"total":17,"covered":0,"skipped":0,"pct":0}}
,"D:\\Desktop\\slackai\\client\\src\\lib\\utils.ts": {"lines":{"total":1,"covered":0,"skipped":0,"pct":0},"functions":{"total":1,"covered":0,"skipped":0,"pct":0},"statements":{"total":1,"covered":0,"skipped":0,"pct":0},"branches":{"total":0,"covered":0,"skipped":0,"pct":100}}
,"D:\\Desktop\\slackai\\client\\src\\lib\\validations.ts": {"lines":{"total":3,"covered":0,"skipped":0,"pct":0},"functions":{"total":1,"covered":0,"skipped":0,"pct":0},"statements":{"total":3,"covered":0,"skipped":0,"pct":0},"branches":{"total":0,"covered":0,"skipped":0,"pct":100}}
,"D:\\Desktop\\slackai\\server\\ai.ts": {"lines":{"total":106,"covered":60,"skipped":0,"pct":56.6},"functions":{"total":10,"covered":7,"skipped":0,"pct":70},"statements":{"total":107,"covered":60,"skipped":0,"pct":56.07},"branches":{"total":51,"covered":6,"skipped":0,"pct":11.76}}
,"D:\\Desktop\\slackai\\server\\auth.ts": {"lines":{"total":77,"covered":17,"skipped":0,"pct":22.07},"functions":{"total":18,"covered":2,"skipped":0,"pct":11.11},"statements":{"total":84,"covered":17,"skipped":0,"pct":20.23},"branches":{"total":26,"covered":0,"skipped":0,"pct":0}}
,"D:\\Desktop\\slackai\\server\\clear.ts": {"lines":{"total":37,"covered":0,"skipped":0,"pct":0},"functions":{"total":3,"covered":0,"skipped":0,"pct":0},"statements":{"total":39,"covered":0,"skipped":0,"pct":0},"branches":{"total":3,"covered":0,"skipped":0,"pct":0}}
,"D:\\Desktop\\slackai\\server\\db.ts": {"lines":{"total":6,"covered":0,"skipped":0,"pct":0},"functions":{"total":0,"covered":0,"skipped":0,"pct":100},"statements":{"total":6,"covered":0,"skipped":0,"pct":0},"branches":{"total":1,"covered":0,"skipped":0,"pct":0}}
,"D:\\Desktop\\slackai\\server\\index.ts": {"lines":{"total":35,"covered":0,"skipped":0,"pct":0},"functions":{"total":7,"covered":0,"skipped":0,"pct":0},"statements":{"total":36,"covered":0,"skipped":0,"pct":0},"branches":{"total":12,"covered":0,"skipped":0,"pct":0}}
,"D:\\Desktop\\slackai\\server\\routes.ts": {"lines":{"total":213,"covered":132,"skipped":0,"pct":61.97},"functions":{"total":45,"covered":30,"skipped":0,"pct":66.66},"statements":{"total":252,"covered":148,"skipped":0,"pct":58.73},"branches":{"total":79,"covered":20,"skipped":0,"pct":25.31}}
,"D:\\Desktop\\slackai\\shared\\schema.ts": {"lines":{"total":32,"covered":20,"skipped":0,"pct":62.5},"functions":{"total":18,"covered":0,"skipped":0,"pct":0},"statements":{"total":38,"covered":20,"skipped":0,"pct":52.63},"branches":{"total":0,"covered":0,"skipped":0,"pct":100}}
}
